# JRE version: Java(TM) SE Runtime Environment (8.0_381) (build 1.8.0_381-b09)
# Java VM: Java HotSpot(TM) 64-Bit Server VM (25.381-b09 mixed mode windows-amd64 compressed oops)
Heap:
 PSYoungGen      total 35328K, used 11267K [0x00000000eb500000, 0x00000000f0300000, 0x0000000100000000)
  eden space 32768K, 34% used [0x00000000eb500000,0x00000000ec000e18,0x00000000ed500000)
  from space 2560K, 0% used [0x00000000ed500000,0x00000000ed500000,0x00000000ed780000)
  to   space 7168K, 0% used [0x00000000efc00000,0x00000000efc00000,0x00000000f0300000)
 ParOldGen       total 37376K, used 10499K [0x00000000c1e00000, 0x00000000c4280000, 0x00000000eb500000)
  object space 37376K, 28% used [0x00000000c1e00000,0x00000000c2840f80,0x00000000c4280000)
 Metaspace       used 22787K, capacity 23526K, committed 23680K, reserved 1069056K
  class space    used 2880K, capacity 3085K, committed 3200K, reserved 1048576K
GC Heap History (10 events):
Event: 3.825 GC heap before
{Heap before GC invocations=2 (full 0):
 PSYoungGen      total 18944K, used 18923K [0x00000000eb500000, 0x00000000eca00000, 0x0000000100000000)
  eden space 16384K, 100% used [0x00000000eb500000,0x00000000ec500000,0x00000000ec500000)
  from space 2560K, 99% used [0x00000000ec500000,0x00000000ec77acc8,0x00000000ec780000)
  to   space 2560K, 0% used [0x00000000ec780000,0x00000000ec780000,0x00000000eca00000)
 ParOldGen       total 44032K, used 707K [0x00000000c1e00000, 0x00000000c4900000, 0x00000000eb500000)
  object space 44032K, 1% used [0x00000000c1e00000,0x00000000c1eb0e50,0x00000000c4900000)
 Metaspace       used 12351K, capacity 12594K, committed 12800K, reserved 1060864K
  class space    used 1427K, capacity 1483K, committed 1536K, reserved 1048576K
Event: 3.833 GC heap after
Heap after GC invocations=2 (full 0):
 PSYoungGen      total 18944K, used 2554K [0x00000000eb500000, 0x00000000eca00000, 0x0000000100000000)
  eden space 16384K, 0% used [0x00000000eb500000,0x00000000eb500000,0x00000000ec500000)
  from space 2560K, 99% used [0x00000000ec780000,0x00000000ec9fe908,0x00000000eca00000)
  to   space 2560K, 0% used [0x00000000ec500000,0x00000000ec500000,0x00000000ec780000)
 ParOldGen       total 44032K, used 2643K [0x00000000c1e00000, 0x00000000c4900000, 0x00000000eb500000)
  object space 44032K, 6% used [0x00000000c1e00000,0x00000000c2094d98,0x00000000c4900000)
 Metaspace       used 12351K, capacity 12594K, committed 12800K, reserved 1060864K
  class space    used 1427K, capacity 1483K, committed 1536K, reserved 1048576K
}
Event: 4.808 GC heap before
{Heap before GC invocations=3 (full 0):
 PSYoungGen      total 18944K, used 18923K [0x00000000eb500000, 0x00000000eca00000, 0x0000000100000000)
  eden space 16384K, 99% used [0x00000000eb500000,0x00000000ec4fc4c8,0x00000000ec500000)
  from space 2560K, 99% used [0x00000000ec780000,0x00000000ec9fe908,0x00000000eca00000)
  to   space 2560K, 0% used [0x00000000ec500000,0x00000000ec500000,0x00000000ec780000)
 ParOldGen       total 44032K, used 2643K [0x00000000c1e00000, 0x00000000c4900000, 0x00000000eb500000)
  object space 44032K, 6% used [0x00000000c1e00000,0x00000000c2094d98,0x00000000c4900000)
 Metaspace       used 13563K, capacity 13774K, committed 14080K, reserved 1060864K
  class space    used 1598K, capacity 1683K, committed 1792K, reserved 1048576K
Event: 4.840 GC heap after
Heap after GC invocations=3 (full 0):
 PSYoungGen      total 18944K, used 2548K [0x00000000eb500000, 0x00000000eda00000, 0x0000000100000000)
  eden space 16384K, 0% used [0x00000000eb500000,0x00000000eb500000,0x00000000ec500000)
  from space 2560K, 99% used [0x00000000ec500000,0x00000000ec77d298,0x00000000ec780000)
  to   space 2560K, 0% used [0x00000000ed780000,0x00000000ed780000,0x00000000eda00000)
 ParOldGen       total 44032K, used 5532K [0x00000000c1e00000, 0x00000000c4900000, 0x00000000eb500000)
  object space 44032K, 12% used [0x00000000c1e00000,0x00000000c2367158,0x00000000c4900000)
 Metaspace       used 13563K, capacity 13774K, committed 14080K, reserved 1060864K
  class space    used 1598K, capacity 1683K, committed 1792K, reserved 1048576K
}
Event: 6.172 GC heap before
{Heap before GC invocations=4 (full 0):
 PSYoungGen      total 18944K, used 18932K [0x00000000eb500000, 0x00000000eda00000, 0x0000000100000000)
  eden space 16384K, 100% used [0x00000000eb500000,0x00000000ec500000,0x00000000ec500000)
  from space 2560K, 99% used [0x00000000ec500000,0x00000000ec77d298,0x00000000ec780000)
  to   space 2560K, 0% used [0x00000000ed780000,0x00000000ed780000,0x00000000eda00000)
 ParOldGen       total 44032K, used 5532K [0x00000000c1e00000, 0x00000000c4900000, 0x00000000eb500000)
  object space 44032K, 12% used [0x00000000c1e00000,0x00000000c2367158,0x00000000c4900000)
 Metaspace       used 16777K, capacity 17226K, committed 17280K, reserved 1064960K
  class space    used 2039K, capacity 2165K, committed 2176K, reserved 1048576K
Event: 6.184 GC heap after
Heap after GC invocations=4 (full 0):
 PSYoungGen      total 35328K, used 2548K [0x00000000eb500000, 0x00000000eda00000, 0x0000000100000000)
  eden space 32768K, 0% used [0x00000000eb500000,0x00000000eb500000,0x00000000ed500000)
  from space 2560K, 99% used [0x00000000ed780000,0x00000000ed9fd2a8,0x00000000eda00000)
  to   space 2560K, 0% used [0x00000000ed500000,0x00000000ed500000,0x00000000ed780000)
 ParOldGen       total 44032K, used 8713K [0x00000000c1e00000, 0x00000000c4900000, 0x00000000eb500000)
  object space 44032K, 19% used [0x00000000c1e00000,0x00000000c2682550,0x00000000c4900000)
 Metaspace       used 16777K, capacity 17226K, committed 17280K, reserved 1064960K
  class space    used 2039K, capacity 2165K, committed 2176K, reserved 1048576K
}
Event: 26.496 GC heap before
{Heap before GC invocations=5 (full 0):
 PSYoungGen      total 35328K, used 21777K [0x00000000eb500000, 0x00000000eda00000, 0x0000000100000000)
  eden space 32768K, 58% used [0x00000000eb500000,0x00000000ec7c7200,0x00000000ed500000)
  from space 2560K, 99% used [0x00000000ed780000,0x00000000ed9fd2a8,0x00000000eda00000)
  to   space 2560K, 0% used [0x00000000ed500000,0x00000000ed500000,0x00000000ed780000)
 ParOldGen       total 44032K, used 8713K [0x00000000c1e00000, 0x00000000c4900000, 0x00000000eb500000)
  object space 44032K, 19% used [0x00000000c1e00000,0x00000000c2682550,0x00000000c4900000)
 Metaspace       used 20426K, capacity 21118K, committed 21248K, reserved 1067008K
  class space    used 2545K, capacity 2739K, committed 2816K, reserved 1048576K
Event: 26.696 GC heap after
Heap after GC invocations=5 (full 0):
 PSYoungGen      total 35328K, used 2544K [0x00000000eb500000, 0x00000000f0300000, 0x0000000100000000)
  eden space 32768K, 0% used [0x00000000eb500000,0x00000000eb500000,0x00000000ed500000)
  from space 2560K, 99% used [0x00000000ed500000,0x00000000ed77c050,0x00000000ed780000)
  to   space 7168K, 0% used [0x00000000efc00000,0x00000000efc00000,0x00000000f0300000)
 ParOldGen       total 44032K, used 11637K [0x00000000c1e00000, 0x00000000c4900000, 0x00000000eb500000)
  object space 44032K, 26% used [0x00000000c1e00000,0x00000000c295d590,0x00000000c4900000)
 Metaspace       used 20426K, capacity 21118K, committed 21248K, reserved 1067008K
  class space    used 2545K, capacity 2739K, committed 2816K, reserved 1048576K
}
Event: 26.696 GC heap before
{Heap before GC invocations=6 (full 1):
 PSYoungGen      total 35328K, used 2544K [0x00000000eb500000, 0x00000000f0300000, 0x0000000100000000)
  eden space 32768K, 0% used [0x00000000eb500000,0x00000000eb500000,0x00000000ed500000)
  from space 2560K, 99% used [0x00000000ed500000,0x00000000ed77c050,0x00000000ed780000)
  to   space 7168K, 0% used [0x00000000efc00000,0x00000000efc00000,0x00000000f0300000)
 ParOldGen       total 44032K, used 11637K [0x00000000c1e00000, 0x00000000c4900000, 0x00000000eb500000)
  object space 44032K, 26% used [0x00000000c1e00000,0x00000000c295d590,0x00000000c4900000)
 Metaspace       used 20426K, capacity 21118K, committed 21248K, reserved 1067008K
  class space    used 2545K, capacity 2739K, committed 2816K, reserved 1048576K
Event: 26.877 GC heap after
Heap after GC invocations=6 (full 1):
 PSYoungGen      total 35328K, used 0K [0x00000000eb500000, 0x00000000f0300000, 0x0000000100000000)
  eden space 32768K, 0% used [0x00000000eb500000,0x00000000eb500000,0x00000000ed500000)
  from space 2560K, 0% used [0x00000000ed500000,0x00000000ed500000,0x00000000ed780000)
  to   space 7168K, 0% used [0x00000000efc00000,0x00000000efc00000,0x00000000f0300000)
 ParOldGen       total 37376K, used 10499K [0x00000000c1e00000, 0x00000000c4280000, 0x00000000eb500000)
  object space 37376K, 28% used [0x00000000c1e00000,0x00000000c2840f80,0x00000000c4280000)
 Metaspace       used 20426K, capacity 21118K, committed 21248K, reserved 1067008K
  class space    used 2545K, capacity 2739K, committed 2816K, reserved 1048576K
}

