<?xml version="1.0" encoding="UTF-8"?>
<testng-results skipped="0" failed="0" ignored="0" total="2" passed="2">
  <reporter-output>
  </reporter-output>
  <suite name="Suite" duration-ms="56246" started-at="2023-07-31T15:47:32Z" finished-at="2023-07-31T15:48:28Z">
    <groups>
    </groups>
    <test name="ChromeTest" duration-ms="56246" started-at="2023-07-31T15:47:32Z" finished-at="2023-07-31T15:48:28Z">
      <class name="DriverFactory.test">
        <test-method status="PASS" signature="SignUpTest()[pri:0, instance:DriverFactory.test@73ad2d6]" name="SignUpTest" duration-ms="25932" started-at="2023-07-31T15:48:02Z" finished-at="2023-07-31T15:48:28Z">
          <reporter-output>
          </reporter-output>
        </test-method> <!-- SignUpTest -->
      </class> <!-- DriverFactory.test -->
      <class name="DriverFactory.Chrome">
        <test-method status="PASS" signature="LaunchBrowser()[pri:0, instance:DriverFactory.Chrome@7085bdee]" name="LaunchBrowser" is-config="true" duration-ms="14872" started-at="2023-07-31T15:47:32Z" finished-at="2023-07-31T15:47:47Z">
          <reporter-output>
          </reporter-output>
        </test-method> <!-- LaunchBrowser -->
        <test-method status="PASS" signature="LaunchBrowser()[pri:0, instance:DriverFactory.test@73ad2d6]" name="LaunchBrowser" is-config="true" duration-ms="15392" started-at="2023-07-31T15:47:47Z" finished-at="2023-07-31T15:48:02Z">
          <reporter-output>
          </reporter-output>
        </test-method> <!-- LaunchBrowser -->
        <test-method status="PASS" signature="SignUpTest()[pri:0, instance:DriverFactory.Chrome@7085bdee]" name="SignUpTest" duration-ms="24731" started-at="2023-07-31T15:48:02Z" finished-at="2023-07-31T15:48:27Z">
          <reporter-output>
          </reporter-output>
        </test-method> <!-- SignUpTest -->
      </class> <!-- DriverFactory.Chrome -->
    </test> <!-- ChromeTest -->
  </suite> <!-- Suite -->
</testng-results>
